2023-11-17 16:16:07.4545|ERROR|AngularJSAuthentication.API.Helpers.MongoDbHelper`1|MongoDB Insert Error: System.FormatException: Size 64751448 is larger than MaxDocumentSize 16777216.
   at MongoDB.Bson.IO.BsonBinaryWriter.BackpatchSize()
   at MongoDB.Bson.IO.BsonBinaryWriter.WriteEndDocument()
   at MongoDB.Bson.Serialization.Serializers.BsonDocumentSerializer.SerializeValue(BsonSerializationContext context, BsonSerializationArgs args, BsonDocument value)
   at MongoDB.Bson.Serialization.Serializers.BsonValueSerializerBase`1.Serialize(BsonSerializationContext context, BsonSerializationArgs args, TBsonValue value)
   at MongoDB.Bson.Serialization.Serializers.SerializerBase`1.MongoDB.Bson.Serialization.IBsonSerializer.Serialize(BsonSerializationContext context, BsonSerializationArgs args, Object value)
   at MongoDB.Bson.Serialization.IBsonSerializerExtensions.Serialize(IBsonSerializer serializer, BsonSerializationContext context, Object value)
   at MongoDB.Bson.Serialization.Serializers.BsonValueSerializerBase`1.Serialize(BsonSerializationContext context, BsonSerializationArgs args, TBsonValue value)
   at MongoDB.Bson.Serialization.Serializers.SerializerBase`1.MongoDB.Bson.Serialization.IBsonSerializer.Serialize(BsonSerializationContext context, BsonSerializationArgs args, Object value)
   at MongoDB.Bson.Serialization.IBsonSerializerExtensions.Serialize(IBsonSerializer serializer, BsonSerializationContext context, Object value)
   at MongoDB.Bson.Serialization.Serializers.BsonValueSerializerBase`1.Serialize(BsonSerializationContext context, BsonSerializationArgs args, TBsonValue value)
   at MongoDB.Driver.Core.Operations.BulkInsertOperation.InsertRequestSerializer.SerializeValue(BsonSerializationContext context, BsonSerializationArgs args, InsertRequest value)
   at MongoDB.Bson.Serialization.Serializers.SealedClassSerializerBase`1.Serialize(BsonSerializationContext context, BsonSerializationArgs args, TValue value)
   at MongoDB.Bson.Serialization.Serializers.SerializerBase`1.MongoDB.Bson.Serialization.IBsonSerializer.Serialize(BsonSerializationContext context, BsonSerializationArgs args, Object value)
   at MongoDB.Driver.Core.WireProtocol.Messages.Encoders.BinaryEncoders.CommandMessageBinaryEncoder.WriteType1Section(BsonBinaryWriter writer, Type1CommandMessageSection section, Int64 messageStartPosition)
   at MongoDB.Driver.Core.WireProtocol.Messages.Encoders.BinaryEncoders.CommandMessageBinaryEncoder.WriteSections(BsonBinaryWriter writer, IEnumerable`1 sections, Int64 messageStartPosition)
   at MongoDB.Driver.Core.WireProtocol.Messages.Encoders.BinaryEncoders.CommandMessageBinaryEncoder.WriteMessage(CommandMessage message)
   at MongoDB.Driver.Core.WireProtocol.Messages.Encoders.BinaryEncoders.CommandRequestMessageBinaryEncoder.MongoDB.Driver.Core.WireProtocol.Messages.Encoders.IMessageEncoder.WriteMessage(MongoDBMessage message)
   at MongoDB.Driver.Core.Connections.BinaryConnection.SendMessagesHelper.EncodeMessages(CancellationToken cancellationToken, List`1& sentMessages)
   at MongoDB.Driver.Core.Connections.BinaryConnection.<SendMessagesAsync>d__52.MoveNext()
--- End of stack trace from previous location where exception was thrown ---
   at System.Runtime.ExceptionServices.ExceptionDispatchInfo.Throw()
   at System.Runtime.CompilerServices.TaskAwaiter.HandleNonSuccessAndDebuggerNotification(Task task)
   at MongoDB.Driver.Core.ConnectionPools.ExclusiveConnectionPool.PooledConnection.<SendMessagesAsync>d__28.MoveNext()
--- End of stack trace from previous location where exception was thrown ---
   at System.Runtime.ExceptionServices.ExceptionDispatchInfo.Throw()
   at System.Runtime.CompilerServices.TaskAwaiter.HandleNonSuccessAndDebuggerNotification(Task task)
   at MongoDB.Driver.Core.WireProtocol.CommandUsingCommandMessageWireProtocol`1.<ExecuteAsync>d__20.MoveNext()
--- End of stack trace from previous location where exception was thrown ---
   at System.Runtime.ExceptionServices.ExceptionDispatchInfo.Throw()
   at System.Runtime.CompilerServices.TaskAwaiter.HandleNonSuccessAndDebuggerNotification(Task task)
   at MongoDB.Driver.Core.Servers.Server.ServerChannel.<ExecuteProtocolAsync>d__20`1.MoveNext()
--- End of stack trace from previous location where exception was thrown ---
   at System.Runtime.ExceptionServices.ExceptionDispatchInfo.Throw()
   at System.Runtime.CompilerServices.TaskAwaiter.HandleNonSuccessAndDebuggerNotification(Task task)
   at MongoDB.Driver.Core.Operations.RetryableWriteOperationExecutor.<ExecuteAsync>d__3`1.MoveNext()
--- End of stack trace from previous location where exception was thrown ---
   at System.Runtime.ExceptionServices.ExceptionDispatchInfo.Throw()
   at System.Runtime.CompilerServices.TaskAwaiter.HandleNonSuccessAndDebuggerNotification(Task task)
   at MongoDB.Driver.Core.Operations.BulkUnmixedWriteOperationBase`1.<ExecuteBatchAsync>d__50.MoveNext()
--- End of stack trace from previous location where exception was thrown ---
   at System.Runtime.ExceptionServices.ExceptionDispatchInfo.Throw()
   at MongoDB.Driver.Core.Operations.BulkUnmixedWriteOperationBase`1.<ExecuteBatchesAsync>d__52.MoveNext()
--- End of stack trace from previous location where exception was thrown ---
   at System.Runtime.ExceptionServices.ExceptionDispatchInfo.Throw()
   at System.Runtime.CompilerServices.TaskAwaiter.HandleNonSuccessAndDebuggerNotification(Task task)
   at MongoDB.Driver.Core.Operations.BulkMixedWriteOperation.<ExecuteBatchAsync>d__60.MoveNext()
--- End of stack trace from previous location where exception was thrown ---
   at System.Runtime.ExceptionServices.ExceptionDispatchInfo.Throw()
   at MongoDB.Driver.Core.Operations.BulkMixedWriteOperation.<ExecuteAsync>d__52.MoveNext()
--- End of stack trace from previous location where exception was thrown ---
   at System.Runtime.ExceptionServices.ExceptionDispatchInfo.Throw()
   at System.Runtime.CompilerServices.TaskAwaiter.HandleNonSuccessAndDebuggerNotification(Task task)
   at MongoDB.Driver.OperationExecutor.<ExecuteWriteOperationAsync>d__5`1.MoveNext()
--- End of stack trace from previous location where exception was thrown ---
   at System.Runtime.ExceptionServices.ExceptionDispatchInfo.Throw()
   at System.Runtime.CompilerServices.TaskAwaiter.HandleNonSuccessAndDebuggerNotification(Task task)
   at MongoDB.Driver.MongoCollectionImpl`1.<ExecuteWriteOperationAsync>d__103`1.MoveNext()
--- End of stack trace from previous location where exception was thrown ---
   at System.Runtime.ExceptionServices.ExceptionDispatchInfo.Throw()
   at System.Runtime.CompilerServices.TaskAwaiter.HandleNonSuccessAndDebuggerNotification(Task task)
   at MongoDB.Driver.MongoCollectionImpl`1.<BulkWriteAsync>d__33.MoveNext()
--- End of stack trace from previous location where exception was thrown ---
   at System.Runtime.ExceptionServices.ExceptionDispatchInfo.Throw()
   at System.Runtime.CompilerServices.TaskAwaiter.HandleNonSuccessAndDebuggerNotification(Task task)
   at MongoDB.Driver.MongoCollectionImpl`1.<UsingImplicitSessionAsync>d__109`1.MoveNext()
--- End of stack trace from previous location where exception was thrown ---
   at System.Runtime.ExceptionServices.ExceptionDispatchInfo.Throw()
   at System.Runtime.CompilerServices.TaskAwaiter.HandleNonSuccessAndDebuggerNotification(Task task)
   at MongoDB.Driver.MongoCollectionBase`1.<InsertOneAsync>d__76.MoveNext()
--- End of stack trace from previous location where exception was thrown ---
   at System.Runtime.ExceptionServices.ExceptionDispatchInfo.Throw()
   at System.Runtime.CompilerServices.TaskAwaiter.HandleNonSuccessAndDebuggerNotification(Task task)
   at System.Runtime.CompilerServices.TaskAwaiter.GetResult()
   at AngularJSAuthentication.API.Helpers.MongoDbHelper`1.<InsertLog>d__10.MoveNext() in C:\BackEndSaral\AngularJSAuthentication.API\Helpers\MongoDbHelper.cs:line 66
