2023-10-13 14:35:19.0607|ERROR|AngularJSAuthentication.API.Controllers.SubsubCategoryController|The model backing the 'AuthContext' context has changed since the database was created. Consider using Code First Migrations to update the database (http://go.microsoft.com/fwlink/?LinkId=238269).
2023-10-13 14:35:27.6775|ERROR|AngularJSAuthentication.API.Controllers.SubCategoryController|Error in SubCategory The model backing the 'AuthContext' context has changed since the database was created. Consider using Code First Migrations to update the database (http://go.microsoft.com/fwlink/?LinkId=238269).
2023-10-13 14:35:27.7035|INFO|AngularJSAuthentication.API.Controllers.SubCategoryController|End  SubCategory: 
2023-10-13 19:32:52.7646|ERROR|AngularJSAuthentication.API.Providers.SimpleAuthorizationServerProvider|Unable to validate user TestDev
2023-10-13 19:32:52.8196|ERROR|AngularJSAuthentication.API.Providers.SimpleAuthorizationServerProvider|System.InvalidOperationException: The model backing the 'AuthContext' context has changed since the database was created. Consider using Code First Migrations to update the database (http://go.microsoft.com/fwlink/?LinkId=238269).
   at System.Data.Entity.CreateDatabaseIfNotExists`1.InitializeDatabase(TContext context)
   at System.Data.Entity.Internal.InternalContext.PerformInitializationAction(Action action)
   at System.Data.Entity.Internal.InternalContext.PerformDatabaseInitialization()
   at System.Data.Entity.Internal.RetryAction`1.PerformAction(TInput input)
   at System.Data.Entity.Internal.LazyInternalContext.InitializeDatabaseAction(Action`1 action)
   at System.Data.Entity.Internal.InternalContext.GetEntitySetAndBaseTypeForType(Type entityType)
   at System.Data.Entity.Internal.Linq.InternalSet`1.Initialize()
   at System.Data.Entity.Internal.Linq.InternalSet`1.get_InternalContext()
   at System.Data.Entity.Infrastructure.DbQuery`1.System.Linq.IQueryable.get_Provider()
   at System.Data.Entity.QueryableExtensions.FirstOrDefaultAsync[TSource](IQueryable`1 source, Expression`1 predicate, CancellationToken cancellationToken)
   at System.Data.Entity.QueryableExtensions.FirstOrDefaultAsync[TSource](IQueryable`1 source, Expression`1 predicate)
   at Microsoft.AspNet.Identity.EntityFramework.UserStore`6.<GetUserAggregateAsync>d__67.MoveNext()
--- End of stack trace from previous location where exception was thrown ---
   at System.Runtime.ExceptionServices.ExceptionDispatchInfo.Throw()
   at System.Runtime.CompilerServices.TaskAwaiter.HandleNonSuccessAndDebuggerNotification(Task task)
   at Microsoft.AspNet.Identity.TaskExtensions.CultureAwaiter`1.GetResult()
   at Microsoft.AspNet.Identity.UserManager`2.<FindAsync>d__80.MoveNext()
--- End of stack trace from previous location where exception was thrown ---
   at System.Runtime.ExceptionServices.ExceptionDispatchInfo.Throw()
   at System.Runtime.CompilerServices.TaskAwaiter.HandleNonSuccessAndDebuggerNotification(Task task)
   at System.Runtime.CompilerServices.TaskAwaiter`1.GetResult()
   at AngularJSAuthentication.API.Providers.SimpleAuthorizationServerProvider.<GrantResourceOwnerCredentials>d__4.MoveNext() in C:\BackEndSaral\AngularJSAuthentication.API\Providers\SimpleAuthorizationServerProvider.cs:line 54
2023-10-13 19:33:16.4721|ERROR|AngularJSAuthentication.API.Providers.SimpleAuthorizationServerProvider|Unable to validate user TestDev
2023-10-13 19:33:16.4721|ERROR|AngularJSAuthentication.API.Providers.SimpleAuthorizationServerProvider|System.InvalidOperationException: The model backing the 'AuthContext' context has changed since the database was created. Consider using Code First Migrations to update the database (http://go.microsoft.com/fwlink/?LinkId=238269).
   at System.Data.Entity.CreateDatabaseIfNotExists`1.InitializeDatabase(TContext context)
   at System.Data.Entity.Internal.InternalContext.PerformInitializationAction(Action action)
   at System.Data.Entity.Internal.InternalContext.PerformDatabaseInitialization()
   at System.Data.Entity.Internal.RetryAction`1.PerformAction(TInput input)
   at System.Data.Entity.Internal.LazyInternalContext.InitializeDatabaseAction(Action`1 action)
   at System.Data.Entity.Internal.InternalContext.GetEntitySetAndBaseTypeForType(Type entityType)
   at System.Data.Entity.Internal.Linq.InternalSet`1.Initialize()
   at System.Data.Entity.Internal.Linq.InternalSet`1.get_InternalContext()
   at System.Data.Entity.Infrastructure.DbQuery`1.System.Linq.IQueryable.get_Provider()
   at System.Data.Entity.QueryableExtensions.FirstOrDefaultAsync[TSource](IQueryable`1 source, Expression`1 predicate, CancellationToken cancellationToken)
   at System.Data.Entity.QueryableExtensions.FirstOrDefaultAsync[TSource](IQueryable`1 source, Expression`1 predicate)
   at Microsoft.AspNet.Identity.EntityFramework.UserStore`6.<GetUserAggregateAsync>d__67.MoveNext()
--- End of stack trace from previous location where exception was thrown ---
   at System.Runtime.ExceptionServices.ExceptionDispatchInfo.Throw()
   at System.Runtime.CompilerServices.TaskAwaiter.HandleNonSuccessAndDebuggerNotification(Task task)
   at Microsoft.AspNet.Identity.TaskExtensions.CultureAwaiter`1.GetResult()
   at Microsoft.AspNet.Identity.UserManager`2.<FindAsync>d__80.MoveNext()
--- End of stack trace from previous location where exception was thrown ---
   at System.Runtime.ExceptionServices.ExceptionDispatchInfo.Throw()
   at System.Runtime.CompilerServices.TaskAwaiter.HandleNonSuccessAndDebuggerNotification(Task task)
   at System.Runtime.CompilerServices.TaskAwaiter`1.GetResult()
   at AngularJSAuthentication.API.Providers.SimpleAuthorizationServerProvider.<GrantResourceOwnerCredentials>d__4.MoveNext() in C:\BackEndSaral\AngularJSAuthentication.API\Providers\SimpleAuthorizationServerProvider.cs:line 54
2023-10-13 19:33:41.3891|ERROR|AngularJSAuthentication.API.Providers.SimpleAuthorizationServerProvider|Unable to validate user TestDev
2023-10-13 19:33:41.3891|ERROR|AngularJSAuthentication.API.Providers.SimpleAuthorizationServerProvider|System.InvalidOperationException: The model backing the 'AuthContext' context has changed since the database was created. Consider using Code First Migrations to update the database (http://go.microsoft.com/fwlink/?LinkId=238269).
   at System.Data.Entity.CreateDatabaseIfNotExists`1.InitializeDatabase(TContext context)
   at System.Data.Entity.Internal.InternalContext.PerformInitializationAction(Action action)
   at System.Data.Entity.Internal.InternalContext.PerformDatabaseInitialization()
   at System.Data.Entity.Internal.RetryAction`1.PerformAction(TInput input)
   at System.Data.Entity.Internal.LazyInternalContext.InitializeDatabaseAction(Action`1 action)
   at System.Data.Entity.Internal.InternalContext.GetEntitySetAndBaseTypeForType(Type entityType)
   at System.Data.Entity.Internal.Linq.InternalSet`1.Initialize()
   at System.Data.Entity.Internal.Linq.InternalSet`1.get_InternalContext()
   at System.Data.Entity.Infrastructure.DbQuery`1.System.Linq.IQueryable.get_Provider()
   at System.Data.Entity.QueryableExtensions.FirstOrDefaultAsync[TSource](IQueryable`1 source, Expression`1 predicate, CancellationToken cancellationToken)
   at System.Data.Entity.QueryableExtensions.FirstOrDefaultAsync[TSource](IQueryable`1 source, Expression`1 predicate)
   at Microsoft.AspNet.Identity.EntityFramework.UserStore`6.<GetUserAggregateAsync>d__67.MoveNext()
--- End of stack trace from previous location where exception was thrown ---
   at System.Runtime.ExceptionServices.ExceptionDispatchInfo.Throw()
   at System.Runtime.CompilerServices.TaskAwaiter.HandleNonSuccessAndDebuggerNotification(Task task)
   at Microsoft.AspNet.Identity.TaskExtensions.CultureAwaiter`1.GetResult()
   at Microsoft.AspNet.Identity.UserManager`2.<FindAsync>d__80.MoveNext()
--- End of stack trace from previous location where exception was thrown ---
   at System.Runtime.ExceptionServices.ExceptionDispatchInfo.Throw()
   at System.Runtime.CompilerServices.TaskAwaiter.HandleNonSuccessAndDebuggerNotification(Task task)
   at System.Runtime.CompilerServices.TaskAwaiter`1.GetResult()
   at AngularJSAuthentication.API.Providers.SimpleAuthorizationServerProvider.<GrantResourceOwnerCredentials>d__4.MoveNext() in C:\BackEndSaral\AngularJSAuthentication.API\Providers\SimpleAuthorizationServerProvider.cs:line 54
