2023-05-29 11:00:07.0676|INFO|AngularJSAuthentication.API.Controllers.ProfilesController|Get Company: 
2023-05-29 11:54:38.5727|INFO|AngularJSAuthentication.API.Controllers.ProfilesController|Get Company: 
2023-05-29 12:10:30.4179|INFO|AngularJSAuthentication.API.Controllers.NotificationUpdatedController|Add message: 
2023-05-29 12:11:10.3704|INFO|AngularJSAuthentication.API.Controllers.NotificationUpdatedController|Add message: 
2023-05-29 12:11:28.9914|INFO|AngularJSAuthentication.API.Controllers.NotificationUpdatedController|Add message: 
2023-05-29 12:41:17.0385|INFO|AngularJSAuthentication.API.Controllers.ProfilesController|Get Company: 
2023-05-29 12:44:22.0184|INFO|AngularJSAuthentication.API.Controllers.NotificationUpdatedController|Add message: 
2023-05-29 12:52:06.5551|INFO|AngularJSAuthentication.API.Controllers.ProfilesController|Get Company: 
2023-05-29 12:52:48.9096|INFO|AngularJSAuthentication.API.Controllers.NotificationUpdatedController|Add message: 
2023-05-29 12:58:30.5040|INFO|AngularJSAuthentication.API.Controllers.NotificationUpdatedController|Add message: 
2023-05-29 14:28:48.5440|INFO|AngularJSAuthentication.API.Controllers.ProfilesController|Get Company: 
2023-05-29 14:29:32.4753|INFO|AngularJSAuthentication.API.Controllers.NotificationUpdatedController|Add message: 
2023-05-29 14:33:27.1814|INFO|AngularJSAuthentication.API.Controllers.NotificationUpdatedController|Add message: 
2023-05-29 14:33:46.6002|INFO|AngularJSAuthentication.API.Controllers.NotificationUpdatedController|Add message: 
2023-05-29 14:37:11.6632|ERROR|AngularJSAuthentication.API.Controllers.NotificationUpdatedController|Error while sending Holiday notifcation for type: The remote server returned an error: (401) Unauthorized.System.Net.WebException: The remote server returned an error: (401) Unauthorized.
   at System.Net.HttpWebRequest.GetResponse()
   at AngularJSAuthentication.API.Controllers.NotificationUpdatedController.sendHolidayNotification(Int32 customerId, String CustomerFcmId, String days) in C:\BackEndSaral\AngularJSAuthentication.API\Controllers\NotificationUpdatedController.cs:line 496
2023-05-29 14:38:33.1919|INFO|AngularJSAuthentication.API.Controllers.NotificationUpdatedController|Add message: 
2023-05-29 14:49:19.8355|INFO|AngularJSAuthentication.API.Controllers.ProfilesController|Get Company: 
2023-05-29 15:08:47.9948|INFO|AngularJSAuthentication.API.Controllers.ProfilesController|Get Company: 
2023-05-29 15:15:49.6508|INFO|AngularJSAuthentication.API.Controllers.ProfilesController|Get Company: 
2023-05-29 15:17:35.1808|INFO|AngularJSAuthentication.API.Controllers.ProfilesController|Get Company: 
2023-05-29 15:18:58.1041|INFO|AngularJSAuthentication.API.Controllers.NotificationUpdatedController|Add message: 
2023-05-29 15:21:56.7991|ERROR|AngularJSAuthentication.API.Controllers.NotificationUpdatedController|Error while sending Holiday notifcation for type: The remote server returned an error: (401) Unauthorized.System.Net.WebException: The remote server returned an error: (401) Unauthorized.
   at System.Net.HttpWebRequest.GetResponse()
   at AngularJSAuthentication.API.Controllers.NotificationUpdatedController.sendHolidayNotification(Int32 customerId, String CustomerFcmId, String days) in C:\BackEndSaral\AngularJSAuthentication.API\Controllers\NotificationUpdatedController.cs:line 496
2023-05-29 15:22:36.6023|INFO|AngularJSAuthentication.API.Controllers.NotificationUpdatedController|Add message: 
2023-05-29 15:40:58.5627|ERROR|AngularJSAuthentication.API.Controllers.NotificationUpdatedController|Error while sending Holiday notifcation for type: The remote server returned an error: (401) Unauthorized.System.Net.WebException: The remote server returned an error: (401) Unauthorized.
   at System.Net.HttpWebRequest.GetResponse()
   at AngularJSAuthentication.API.Controllers.NotificationUpdatedController.sendHolidayNotification(Int32 customerId, String CustomerFcmId, String days) in C:\BackEndSaral\AngularJSAuthentication.API\Controllers\NotificationUpdatedController.cs:line 496
2023-05-29 17:42:13.0478|INFO|AngularJSAuthentication.API.Controllers.ProfilesController|Get Company: 
2023-05-29 17:59:04.0106|INFO|AngularJSAuthentication.API.Controllers.ProfilesController|Get Company: 
2023-05-29 18:10:29.2293|INFO|AngularJSAuthentication.API.Controllers.NotificationUpdatedController|Add message: 
2023-05-29 18:11:10.9775|ERROR|AngularJSAuthentication.API.Controllers.NotificationUpdatedController|Error while sending Holiday notifcation for type: The remote server returned an error: (401) Unauthorized.System.Net.WebException: The remote server returned an error: (401) Unauthorized.
   at System.Net.HttpWebRequest.GetResponse()
   at AngularJSAuthentication.API.Controllers.NotificationUpdatedController.sendHolidayNotification(Int32 customerId, String CustomerFcmId, String days) in C:\BackEndSaral\AngularJSAuthentication.API\Controllers\NotificationUpdatedController.cs:line 496
2023-05-29 18:12:18.8962|INFO|AngularJSAuthentication.API.Controllers.ProfilesController|Get Company: 
2023-05-29 18:33:38.4712|INFO|AngularJSAuthentication.API.Controllers.ProfilesController|Get Company: 
2023-05-29 18:40:31.9293|INFO|AngularJSAuthentication.API.Controllers.NotificationUpdatedController|Add message: 
2023-05-29 18:54:29.0383|ERROR|AngularJSAuthentication.API.Controllers.NotificationUpdatedController|Error while sending Holiday notifcation for type: The remote server returned an error: (401) Unauthorized.System.Net.WebException: The remote server returned an error: (401) Unauthorized.
   at System.Net.HttpWebRequest.GetResponse()
   at AngularJSAuthentication.API.Controllers.NotificationUpdatedController.sendHolidayNotification(Int32 customerId, String CustomerFcmId, String days) in C:\BackEndSaral\AngularJSAuthentication.API\Controllers\NotificationUpdatedController.cs:line 496
2023-05-29 18:54:42.8183|INFO|AngularJSAuthentication.API.Controllers.clusterController|start Warehouse: 
2023-05-29 18:54:42.8323|INFO|AngularJSAuthentication.API.Controllers.clusterController|User ID : 1 , Company Id : 1717
2023-05-29 18:54:42.9163|INFO|AngularJSAuthentication.API.Controllers.clusterController|End Cluster: 
2023-05-29 18:55:16.6424|INFO|AngularJSAuthentication.API.Controllers.NotificationUpdatedController|Add message: 
