2024-07-04 11:23:10.6136|ERROR|AngularJSAuthentication.API.Providers.SimpleAuthorizationServerProvider|Unable to validate user Admin111
2024-07-04 11:23:10.6666|ERROR|AngularJSAuthentication.API.Providers.SimpleAuthorizationServerProvider|System.InvalidOperationException: The model backing the 'AuthContext' context has changed since the database was created. Consider using Code First Migrations to update the database (http://go.microsoft.com/fwlink/?LinkId=238269).
   at System.Data.Entity.CreateDatabaseIfNotExists`1.InitializeDatabase(TContext context)
   at System.Data.Entity.Internal.InternalContext.PerformInitializationAction(Action action)
   at System.Data.Entity.Internal.InternalContext.PerformDatabaseInitialization()
   at System.Data.Entity.Internal.RetryAction`1.PerformAction(TInput input)
   at System.Data.Entity.Internal.LazyInternalContext.InitializeDatabaseAction(Action`1 action)
   at System.Data.Entity.Internal.InternalContext.GetEntitySetAndBaseTypeForType(Type entityType)
   at System.Data.Entity.Internal.Linq.InternalSet`1.Initialize()
   at System.Data.Entity.Internal.Linq.InternalSet`1.get_InternalContext()
   at System.Data.Entity.Infrastructure.DbQuery`1.System.Linq.IQueryable.get_Provider()
   at System.Data.Entity.QueryableExtensions.FirstOrDefaultAsync[TSource](IQueryable`1 source, Expression`1 predicate, CancellationToken cancellationToken)
   at System.Data.Entity.QueryableExtensions.FirstOrDefaultAsync[TSource](IQueryable`1 source, Expression`1 predicate)
   at Microsoft.AspNet.Identity.EntityFramework.UserStore`6.<GetUserAggregateAsync>d__67.MoveNext()
--- End of stack trace from previous location where exception was thrown ---
   at System.Runtime.ExceptionServices.ExceptionDispatchInfo.Throw()
   at System.Runtime.CompilerServices.TaskAwaiter.HandleNonSuccessAndDebuggerNotification(Task task)
   at Microsoft.AspNet.Identity.TaskExtensions.CultureAwaiter`1.GetResult()
   at Microsoft.AspNet.Identity.UserManager`2.<FindAsync>d__80.MoveNext()
--- End of stack trace from previous location where exception was thrown ---
   at System.Runtime.ExceptionServices.ExceptionDispatchInfo.Throw()
   at System.Runtime.CompilerServices.TaskAwaiter.HandleNonSuccessAndDebuggerNotification(Task task)
   at System.Runtime.CompilerServices.TaskAwaiter`1.GetResult()
   at AngularJSAuthentication.API.Providers.SimpleAuthorizationServerProvider.<GrantResourceOwnerCredentials>d__4.MoveNext() in C:\BackEndSaral\AngularJSAuthentication.API\Providers\SimpleAuthorizationServerProvider.cs:line 54
2024-07-04 11:23:27.7090|ERROR|AngularJSAuthentication.API.Providers.SimpleAuthorizationServerProvider|Unable to validate user Admin111
2024-07-04 11:23:27.7090|ERROR|AngularJSAuthentication.API.Providers.SimpleAuthorizationServerProvider|System.InvalidOperationException: The model backing the 'AuthContext' context has changed since the database was created. Consider using Code First Migrations to update the database (http://go.microsoft.com/fwlink/?LinkId=238269).
   at System.Data.Entity.CreateDatabaseIfNotExists`1.InitializeDatabase(TContext context)
   at System.Data.Entity.Internal.InternalContext.PerformInitializationAction(Action action)
   at System.Data.Entity.Internal.InternalContext.PerformDatabaseInitialization()
   at System.Data.Entity.Internal.RetryAction`1.PerformAction(TInput input)
   at System.Data.Entity.Internal.LazyInternalContext.InitializeDatabaseAction(Action`1 action)
   at System.Data.Entity.Internal.InternalContext.GetEntitySetAndBaseTypeForType(Type entityType)
   at System.Data.Entity.Internal.Linq.InternalSet`1.Initialize()
   at System.Data.Entity.Internal.Linq.InternalSet`1.get_InternalContext()
   at System.Data.Entity.Infrastructure.DbQuery`1.System.Linq.IQueryable.get_Provider()
   at System.Data.Entity.QueryableExtensions.FirstOrDefaultAsync[TSource](IQueryable`1 source, Expression`1 predicate, CancellationToken cancellationToken)
   at System.Data.Entity.QueryableExtensions.FirstOrDefaultAsync[TSource](IQueryable`1 source, Expression`1 predicate)
   at Microsoft.AspNet.Identity.EntityFramework.UserStore`6.<GetUserAggregateAsync>d__67.MoveNext()
--- End of stack trace from previous location where exception was thrown ---
   at System.Runtime.ExceptionServices.ExceptionDispatchInfo.Throw()
   at System.Runtime.CompilerServices.TaskAwaiter.HandleNonSuccessAndDebuggerNotification(Task task)
   at Microsoft.AspNet.Identity.TaskExtensions.CultureAwaiter`1.GetResult()
   at Microsoft.AspNet.Identity.UserManager`2.<FindAsync>d__80.MoveNext()
--- End of stack trace from previous location where exception was thrown ---
   at System.Runtime.ExceptionServices.ExceptionDispatchInfo.Throw()
   at System.Runtime.CompilerServices.TaskAwaiter.HandleNonSuccessAndDebuggerNotification(Task task)
   at System.Runtime.CompilerServices.TaskAwaiter`1.GetResult()
   at AngularJSAuthentication.API.Providers.SimpleAuthorizationServerProvider.<GrantResourceOwnerCredentials>d__4.MoveNext() in C:\BackEndSaral\AngularJSAuthentication.API\Providers\SimpleAuthorizationServerProvider.cs:line 54
2024-07-04 11:23:57.9793|ERROR|AngularJSAuthentication.API.Providers.SimpleAuthorizationServerProvider|Unable to validate user Admin111
2024-07-04 11:23:57.9793|ERROR|AngularJSAuthentication.API.Providers.SimpleAuthorizationServerProvider|System.InvalidOperationException: The model backing the 'AuthContext' context has changed since the database was created. Consider using Code First Migrations to update the database (http://go.microsoft.com/fwlink/?LinkId=238269).
   at System.Data.Entity.CreateDatabaseIfNotExists`1.InitializeDatabase(TContext context)
   at System.Data.Entity.Internal.InternalContext.PerformInitializationAction(Action action)
   at System.Data.Entity.Internal.InternalContext.PerformDatabaseInitialization()
   at System.Data.Entity.Internal.RetryAction`1.PerformAction(TInput input)
   at System.Data.Entity.Internal.LazyInternalContext.InitializeDatabaseAction(Action`1 action)
   at System.Data.Entity.Internal.InternalContext.GetEntitySetAndBaseTypeForType(Type entityType)
   at System.Data.Entity.Internal.Linq.InternalSet`1.Initialize()
   at System.Data.Entity.Internal.Linq.InternalSet`1.get_InternalContext()
   at System.Data.Entity.Infrastructure.DbQuery`1.System.Linq.IQueryable.get_Provider()
   at System.Data.Entity.QueryableExtensions.FirstOrDefaultAsync[TSource](IQueryable`1 source, Expression`1 predicate, CancellationToken cancellationToken)
   at System.Data.Entity.QueryableExtensions.FirstOrDefaultAsync[TSource](IQueryable`1 source, Expression`1 predicate)
   at Microsoft.AspNet.Identity.EntityFramework.UserStore`6.<GetUserAggregateAsync>d__67.MoveNext()
--- End of stack trace from previous location where exception was thrown ---
   at System.Runtime.ExceptionServices.ExceptionDispatchInfo.Throw()
   at System.Runtime.CompilerServices.TaskAwaiter.HandleNonSuccessAndDebuggerNotification(Task task)
   at Microsoft.AspNet.Identity.TaskExtensions.CultureAwaiter`1.GetResult()
   at Microsoft.AspNet.Identity.UserManager`2.<FindAsync>d__80.MoveNext()
--- End of stack trace from previous location where exception was thrown ---
   at System.Runtime.ExceptionServices.ExceptionDispatchInfo.Throw()
   at System.Runtime.CompilerServices.TaskAwaiter.HandleNonSuccessAndDebuggerNotification(Task task)
   at System.Runtime.CompilerServices.TaskAwaiter`1.GetResult()
   at AngularJSAuthentication.API.Providers.SimpleAuthorizationServerProvider.<GrantResourceOwnerCredentials>d__4.MoveNext() in C:\BackEndSaral\AngularJSAuthentication.API\Providers\SimpleAuthorizationServerProvider.cs:line 54
2024-07-04 11:24:13.7895|ERROR|AngularJSAuthentication.API.Providers.SimpleAuthorizationServerProvider|Unable to validate user Admin111
2024-07-04 11:24:13.7895|ERROR|AngularJSAuthentication.API.Providers.SimpleAuthorizationServerProvider|System.InvalidOperationException: The model backing the 'AuthContext' context has changed since the database was created. Consider using Code First Migrations to update the database (http://go.microsoft.com/fwlink/?LinkId=238269).
   at System.Data.Entity.CreateDatabaseIfNotExists`1.InitializeDatabase(TContext context)
   at System.Data.Entity.Internal.InternalContext.PerformInitializationAction(Action action)
   at System.Data.Entity.Internal.InternalContext.PerformDatabaseInitialization()
   at System.Data.Entity.Internal.RetryAction`1.PerformAction(TInput input)
   at System.Data.Entity.Internal.LazyInternalContext.InitializeDatabaseAction(Action`1 action)
   at System.Data.Entity.Internal.InternalContext.GetEntitySetAndBaseTypeForType(Type entityType)
   at System.Data.Entity.Internal.Linq.InternalSet`1.Initialize()
   at System.Data.Entity.Internal.Linq.InternalSet`1.get_InternalContext()
   at System.Data.Entity.Infrastructure.DbQuery`1.System.Linq.IQueryable.get_Provider()
   at System.Data.Entity.QueryableExtensions.FirstOrDefaultAsync[TSource](IQueryable`1 source, Expression`1 predicate, CancellationToken cancellationToken)
   at System.Data.Entity.QueryableExtensions.FirstOrDefaultAsync[TSource](IQueryable`1 source, Expression`1 predicate)
   at Microsoft.AspNet.Identity.EntityFramework.UserStore`6.<GetUserAggregateAsync>d__67.MoveNext()
--- End of stack trace from previous location where exception was thrown ---
   at System.Runtime.ExceptionServices.ExceptionDispatchInfo.Throw()
   at System.Runtime.CompilerServices.TaskAwaiter.HandleNonSuccessAndDebuggerNotification(Task task)
   at Microsoft.AspNet.Identity.TaskExtensions.CultureAwaiter`1.GetResult()
   at Microsoft.AspNet.Identity.UserManager`2.<FindAsync>d__80.MoveNext()
--- End of stack trace from previous location where exception was thrown ---
   at System.Runtime.ExceptionServices.ExceptionDispatchInfo.Throw()
   at System.Runtime.CompilerServices.TaskAwaiter.HandleNonSuccessAndDebuggerNotification(Task task)
   at System.Runtime.CompilerServices.TaskAwaiter`1.GetResult()
   at AngularJSAuthentication.API.Providers.SimpleAuthorizationServerProvider.<GrantResourceOwnerCredentials>d__4.MoveNext() in C:\BackEndSaral\AngularJSAuthentication.API\Providers\SimpleAuthorizationServerProvider.cs:line 54
2024-07-04 11:24:29.8810|ERROR|AngularJSAuthentication.API.Providers.SimpleAuthorizationServerProvider|Unable to validate user Admin111
2024-07-04 11:24:29.8810|ERROR|AngularJSAuthentication.API.Providers.SimpleAuthorizationServerProvider|System.InvalidOperationException: The model backing the 'AuthContext' context has changed since the database was created. Consider using Code First Migrations to update the database (http://go.microsoft.com/fwlink/?LinkId=238269).
   at System.Data.Entity.CreateDatabaseIfNotExists`1.InitializeDatabase(TContext context)
   at System.Data.Entity.Internal.InternalContext.PerformInitializationAction(Action action)
   at System.Data.Entity.Internal.InternalContext.PerformDatabaseInitialization()
   at System.Data.Entity.Internal.RetryAction`1.PerformAction(TInput input)
   at System.Data.Entity.Internal.LazyInternalContext.InitializeDatabaseAction(Action`1 action)
   at System.Data.Entity.Internal.InternalContext.GetEntitySetAndBaseTypeForType(Type entityType)
   at System.Data.Entity.Internal.Linq.InternalSet`1.Initialize()
   at System.Data.Entity.Internal.Linq.InternalSet`1.get_InternalContext()
   at System.Data.Entity.Infrastructure.DbQuery`1.System.Linq.IQueryable.get_Provider()
   at System.Data.Entity.QueryableExtensions.FirstOrDefaultAsync[TSource](IQueryable`1 source, Expression`1 predicate, CancellationToken cancellationToken)
   at System.Data.Entity.QueryableExtensions.FirstOrDefaultAsync[TSource](IQueryable`1 source, Expression`1 predicate)
   at Microsoft.AspNet.Identity.EntityFramework.UserStore`6.<GetUserAggregateAsync>d__67.MoveNext()
--- End of stack trace from previous location where exception was thrown ---
   at System.Runtime.ExceptionServices.ExceptionDispatchInfo.Throw()
   at System.Runtime.CompilerServices.TaskAwaiter.HandleNonSuccessAndDebuggerNotification(Task task)
   at Microsoft.AspNet.Identity.TaskExtensions.CultureAwaiter`1.GetResult()
   at Microsoft.AspNet.Identity.UserManager`2.<FindAsync>d__80.MoveNext()
--- End of stack trace from previous location where exception was thrown ---
   at System.Runtime.ExceptionServices.ExceptionDispatchInfo.Throw()
   at System.Runtime.CompilerServices.TaskAwaiter.HandleNonSuccessAndDebuggerNotification(Task task)
   at System.Runtime.CompilerServices.TaskAwaiter`1.GetResult()
   at AngularJSAuthentication.API.Providers.SimpleAuthorizationServerProvider.<GrantResourceOwnerCredentials>d__4.MoveNext() in C:\BackEndSaral\AngularJSAuthentication.API\Providers\SimpleAuthorizationServerProvider.cs:line 54
2024-07-04 11:24:51.9509|ERROR|AngularJSAuthentication.API.Providers.SimpleAuthorizationServerProvider|Unable to validate user Admin111
2024-07-04 11:24:51.9509|ERROR|AngularJSAuthentication.API.Providers.SimpleAuthorizationServerProvider|System.InvalidOperationException: The model backing the 'AuthContext' context has changed since the database was created. Consider using Code First Migrations to update the database (http://go.microsoft.com/fwlink/?LinkId=238269).
   at System.Data.Entity.CreateDatabaseIfNotExists`1.InitializeDatabase(TContext context)
   at System.Data.Entity.Internal.InternalContext.PerformInitializationAction(Action action)
   at System.Data.Entity.Internal.InternalContext.PerformDatabaseInitialization()
   at System.Data.Entity.Internal.RetryAction`1.PerformAction(TInput input)
   at System.Data.Entity.Internal.LazyInternalContext.InitializeDatabaseAction(Action`1 action)
   at System.Data.Entity.Internal.InternalContext.GetEntitySetAndBaseTypeForType(Type entityType)
   at System.Data.Entity.Internal.Linq.InternalSet`1.Initialize()
   at System.Data.Entity.Internal.Linq.InternalSet`1.get_InternalContext()
   at System.Data.Entity.Infrastructure.DbQuery`1.System.Linq.IQueryable.get_Provider()
   at System.Data.Entity.QueryableExtensions.FirstOrDefaultAsync[TSource](IQueryable`1 source, Expression`1 predicate, CancellationToken cancellationToken)
   at System.Data.Entity.QueryableExtensions.FirstOrDefaultAsync[TSource](IQueryable`1 source, Expression`1 predicate)
   at Microsoft.AspNet.Identity.EntityFramework.UserStore`6.<GetUserAggregateAsync>d__67.MoveNext()
--- End of stack trace from previous location where exception was thrown ---
   at System.Runtime.ExceptionServices.ExceptionDispatchInfo.Throw()
   at System.Runtime.CompilerServices.TaskAwaiter.HandleNonSuccessAndDebuggerNotification(Task task)
   at Microsoft.AspNet.Identity.TaskExtensions.CultureAwaiter`1.GetResult()
   at Microsoft.AspNet.Identity.UserManager`2.<FindAsync>d__80.MoveNext()
--- End of stack trace from previous location where exception was thrown ---
   at System.Runtime.ExceptionServices.ExceptionDispatchInfo.Throw()
   at System.Runtime.CompilerServices.TaskAwaiter.HandleNonSuccessAndDebuggerNotification(Task task)
   at System.Runtime.CompilerServices.TaskAwaiter`1.GetResult()
   at AngularJSAuthentication.API.Providers.SimpleAuthorizationServerProvider.<GrantResourceOwnerCredentials>d__4.MoveNext() in C:\BackEndSaral\AngularJSAuthentication.API\Providers\SimpleAuthorizationServerProvider.cs:line 54
2024-07-04 11:25:12.4825|ERROR|AngularJSAuthentication.API.Providers.SimpleAuthorizationServerProvider|Unable to validate user Admin111
2024-07-04 11:25:12.4825|ERROR|AngularJSAuthentication.API.Providers.SimpleAuthorizationServerProvider|System.InvalidOperationException: The model backing the 'AuthContext' context has changed since the database was created. Consider using Code First Migrations to update the database (http://go.microsoft.com/fwlink/?LinkId=238269).
   at System.Data.Entity.CreateDatabaseIfNotExists`1.InitializeDatabase(TContext context)
   at System.Data.Entity.Internal.InternalContext.PerformInitializationAction(Action action)
   at System.Data.Entity.Internal.InternalContext.PerformDatabaseInitialization()
   at System.Data.Entity.Internal.RetryAction`1.PerformAction(TInput input)
   at System.Data.Entity.Internal.LazyInternalContext.InitializeDatabaseAction(Action`1 action)
   at System.Data.Entity.Internal.InternalContext.GetEntitySetAndBaseTypeForType(Type entityType)
   at System.Data.Entity.Internal.Linq.InternalSet`1.Initialize()
   at System.Data.Entity.Internal.Linq.InternalSet`1.get_InternalContext()
   at System.Data.Entity.Infrastructure.DbQuery`1.System.Linq.IQueryable.get_Provider()
   at System.Data.Entity.QueryableExtensions.FirstOrDefaultAsync[TSource](IQueryable`1 source, Expression`1 predicate, CancellationToken cancellationToken)
   at System.Data.Entity.QueryableExtensions.FirstOrDefaultAsync[TSource](IQueryable`1 source, Expression`1 predicate)
   at Microsoft.AspNet.Identity.EntityFramework.UserStore`6.<GetUserAggregateAsync>d__67.MoveNext()
--- End of stack trace from previous location where exception was thrown ---
   at System.Runtime.ExceptionServices.ExceptionDispatchInfo.Throw()
   at System.Runtime.CompilerServices.TaskAwaiter.HandleNonSuccessAndDebuggerNotification(Task task)
   at Microsoft.AspNet.Identity.TaskExtensions.CultureAwaiter`1.GetResult()
   at Microsoft.AspNet.Identity.UserManager`2.<FindAsync>d__80.MoveNext()
--- End of stack trace from previous location where exception was thrown ---
   at System.Runtime.ExceptionServices.ExceptionDispatchInfo.Throw()
   at System.Runtime.CompilerServices.TaskAwaiter.HandleNonSuccessAndDebuggerNotification(Task task)
   at System.Runtime.CompilerServices.TaskAwaiter`1.GetResult()
   at AngularJSAuthentication.API.Providers.SimpleAuthorizationServerProvider.<GrantResourceOwnerCredentials>d__4.MoveNext() in C:\BackEndSaral\AngularJSAuthentication.API\Providers\SimpleAuthorizationServerProvider.cs:line 54
2024-07-04 11:25:29.8264|ERROR|AngularJSAuthentication.API.Providers.SimpleAuthorizationServerProvider|Unable to validate user Admin111
2024-07-04 11:25:29.8264|ERROR|AngularJSAuthentication.API.Providers.SimpleAuthorizationServerProvider|System.InvalidOperationException: The model backing the 'AuthContext' context has changed since the database was created. Consider using Code First Migrations to update the database (http://go.microsoft.com/fwlink/?LinkId=238269).
   at System.Data.Entity.CreateDatabaseIfNotExists`1.InitializeDatabase(TContext context)
   at System.Data.Entity.Internal.InternalContext.PerformInitializationAction(Action action)
   at System.Data.Entity.Internal.InternalContext.PerformDatabaseInitialization()
   at System.Data.Entity.Internal.RetryAction`1.PerformAction(TInput input)
   at System.Data.Entity.Internal.LazyInternalContext.InitializeDatabaseAction(Action`1 action)
   at System.Data.Entity.Internal.InternalContext.GetEntitySetAndBaseTypeForType(Type entityType)
   at System.Data.Entity.Internal.Linq.InternalSet`1.Initialize()
   at System.Data.Entity.Internal.Linq.InternalSet`1.get_InternalContext()
   at System.Data.Entity.Infrastructure.DbQuery`1.System.Linq.IQueryable.get_Provider()
   at System.Data.Entity.QueryableExtensions.FirstOrDefaultAsync[TSource](IQueryable`1 source, Expression`1 predicate, CancellationToken cancellationToken)
   at System.Data.Entity.QueryableExtensions.FirstOrDefaultAsync[TSource](IQueryable`1 source, Expression`1 predicate)
   at Microsoft.AspNet.Identity.EntityFramework.UserStore`6.<GetUserAggregateAsync>d__67.MoveNext()
--- End of stack trace from previous location where exception was thrown ---
   at System.Runtime.ExceptionServices.ExceptionDispatchInfo.Throw()
   at System.Runtime.CompilerServices.TaskAwaiter.HandleNonSuccessAndDebuggerNotification(Task task)
   at Microsoft.AspNet.Identity.TaskExtensions.CultureAwaiter`1.GetResult()
   at Microsoft.AspNet.Identity.UserManager`2.<FindAsync>d__80.MoveNext()
--- End of stack trace from previous location where exception was thrown ---
   at System.Runtime.ExceptionServices.ExceptionDispatchInfo.Throw()
   at System.Runtime.CompilerServices.TaskAwaiter.HandleNonSuccessAndDebuggerNotification(Task task)
   at System.Runtime.CompilerServices.TaskAwaiter`1.GetResult()
   at AngularJSAuthentication.API.Providers.SimpleAuthorizationServerProvider.<GrantResourceOwnerCredentials>d__4.MoveNext() in C:\BackEndSaral\AngularJSAuthentication.API\Providers\SimpleAuthorizationServerProvider.cs:line 54
2024-07-04 16:20:03.2526|ERROR|AngularJSAuthentication.API.Providers.SimpleAuthorizationServerProvider|Unable to validate user Admin111
2024-07-04 16:20:03.3582|ERROR|AngularJSAuthentication.API.Providers.SimpleAuthorizationServerProvider|System.InvalidOperationException: The model backing the 'AuthContext' context has changed since the database was created. Consider using Code First Migrations to update the database (http://go.microsoft.com/fwlink/?LinkId=238269).
   at System.Data.Entity.CreateDatabaseIfNotExists`1.InitializeDatabase(TContext context)
   at System.Data.Entity.Internal.InternalContext.PerformInitializationAction(Action action)
   at System.Data.Entity.Internal.InternalContext.PerformDatabaseInitialization()
   at System.Data.Entity.Internal.RetryAction`1.PerformAction(TInput input)
   at System.Data.Entity.Internal.LazyInternalContext.InitializeDatabaseAction(Action`1 action)
   at System.Data.Entity.Internal.InternalContext.GetEntitySetAndBaseTypeForType(Type entityType)
   at System.Data.Entity.Internal.Linq.InternalSet`1.Initialize()
   at System.Data.Entity.Internal.Linq.InternalSet`1.get_InternalContext()
   at System.Data.Entity.Infrastructure.DbQuery`1.System.Linq.IQueryable.get_Provider()
   at System.Data.Entity.QueryableExtensions.FirstOrDefaultAsync[TSource](IQueryable`1 source, Expression`1 predicate, CancellationToken cancellationToken)
   at System.Data.Entity.QueryableExtensions.FirstOrDefaultAsync[TSource](IQueryable`1 source, Expression`1 predicate)
   at Microsoft.AspNet.Identity.EntityFramework.UserStore`6.<GetUserAggregateAsync>d__67.MoveNext()
--- End of stack trace from previous location where exception was thrown ---
   at System.Runtime.ExceptionServices.ExceptionDispatchInfo.Throw()
   at System.Runtime.CompilerServices.TaskAwaiter.HandleNonSuccessAndDebuggerNotification(Task task)
   at Microsoft.AspNet.Identity.TaskExtensions.CultureAwaiter`1.GetResult()
   at Microsoft.AspNet.Identity.UserManager`2.<FindAsync>d__80.MoveNext()
--- End of stack trace from previous location where exception was thrown ---
   at System.Runtime.ExceptionServices.ExceptionDispatchInfo.Throw()
   at System.Runtime.CompilerServices.TaskAwaiter.HandleNonSuccessAndDebuggerNotification(Task task)
   at System.Runtime.CompilerServices.TaskAwaiter`1.GetResult()
   at AngularJSAuthentication.API.Providers.SimpleAuthorizationServerProvider.<GrantResourceOwnerCredentials>d__4.MoveNext() in C:\BackEndSaral\AngularJSAuthentication.API\Providers\SimpleAuthorizationServerProvider.cs:line 54
2024-07-04 16:20:26.0175|ERROR|AngularJSAuthentication.API.Providers.SimpleAuthorizationServerProvider|Unable to validate user Admin111
2024-07-04 16:20:26.0185|ERROR|AngularJSAuthentication.API.Providers.SimpleAuthorizationServerProvider|System.InvalidOperationException: The model backing the 'AuthContext' context has changed since the database was created. Consider using Code First Migrations to update the database (http://go.microsoft.com/fwlink/?LinkId=238269).
   at System.Data.Entity.CreateDatabaseIfNotExists`1.InitializeDatabase(TContext context)
   at System.Data.Entity.Internal.InternalContext.PerformInitializationAction(Action action)
   at System.Data.Entity.Internal.InternalContext.PerformDatabaseInitialization()
   at System.Data.Entity.Internal.RetryAction`1.PerformAction(TInput input)
   at System.Data.Entity.Internal.LazyInternalContext.InitializeDatabaseAction(Action`1 action)
   at System.Data.Entity.Internal.InternalContext.GetEntitySetAndBaseTypeForType(Type entityType)
   at System.Data.Entity.Internal.Linq.InternalSet`1.Initialize()
   at System.Data.Entity.Internal.Linq.InternalSet`1.get_InternalContext()
   at System.Data.Entity.Infrastructure.DbQuery`1.System.Linq.IQueryable.get_Provider()
   at System.Data.Entity.QueryableExtensions.FirstOrDefaultAsync[TSource](IQueryable`1 source, Expression`1 predicate, CancellationToken cancellationToken)
   at System.Data.Entity.QueryableExtensions.FirstOrDefaultAsync[TSource](IQueryable`1 source, Expression`1 predicate)
   at Microsoft.AspNet.Identity.EntityFramework.UserStore`6.<GetUserAggregateAsync>d__67.MoveNext()
--- End of stack trace from previous location where exception was thrown ---
   at System.Runtime.ExceptionServices.ExceptionDispatchInfo.Throw()
   at System.Runtime.CompilerServices.TaskAwaiter.HandleNonSuccessAndDebuggerNotification(Task task)
   at Microsoft.AspNet.Identity.TaskExtensions.CultureAwaiter`1.GetResult()
   at Microsoft.AspNet.Identity.UserManager`2.<FindAsync>d__80.MoveNext()
--- End of stack trace from previous location where exception was thrown ---
   at System.Runtime.ExceptionServices.ExceptionDispatchInfo.Throw()
   at System.Runtime.CompilerServices.TaskAwaiter.HandleNonSuccessAndDebuggerNotification(Task task)
   at System.Runtime.CompilerServices.TaskAwaiter`1.GetResult()
   at AngularJSAuthentication.API.Providers.SimpleAuthorizationServerProvider.<GrantResourceOwnerCredentials>d__4.MoveNext() in C:\BackEndSaral\AngularJSAuthentication.API\Providers\SimpleAuthorizationServerProvider.cs:line 54
2024-07-04 16:21:55.1845|ERROR|AngularJSAuthentication.API.Providers.SimpleAuthorizationServerProvider|Unable to validate user Admin111
2024-07-04 16:21:55.1845|ERROR|AngularJSAuthentication.API.Providers.SimpleAuthorizationServerProvider|System.InvalidOperationException: The model backing the 'AuthContext' context has changed since the database was created. Consider using Code First Migrations to update the database (http://go.microsoft.com/fwlink/?LinkId=238269).
   at System.Data.Entity.CreateDatabaseIfNotExists`1.InitializeDatabase(TContext context)
   at System.Data.Entity.Internal.InternalContext.PerformInitializationAction(Action action)
   at System.Data.Entity.Internal.InternalContext.PerformDatabaseInitialization()
   at System.Data.Entity.Internal.RetryAction`1.PerformAction(TInput input)
   at System.Data.Entity.Internal.LazyInternalContext.InitializeDatabaseAction(Action`1 action)
   at System.Data.Entity.Internal.InternalContext.GetEntitySetAndBaseTypeForType(Type entityType)
   at System.Data.Entity.Internal.Linq.InternalSet`1.Initialize()
   at System.Data.Entity.Internal.Linq.InternalSet`1.get_InternalContext()
   at System.Data.Entity.Infrastructure.DbQuery`1.System.Linq.IQueryable.get_Provider()
   at System.Data.Entity.QueryableExtensions.FirstOrDefaultAsync[TSource](IQueryable`1 source, Expression`1 predicate, CancellationToken cancellationToken)
   at System.Data.Entity.QueryableExtensions.FirstOrDefaultAsync[TSource](IQueryable`1 source, Expression`1 predicate)
   at Microsoft.AspNet.Identity.EntityFramework.UserStore`6.<GetUserAggregateAsync>d__67.MoveNext()
--- End of stack trace from previous location where exception was thrown ---
   at System.Runtime.ExceptionServices.ExceptionDispatchInfo.Throw()
   at System.Runtime.CompilerServices.TaskAwaiter.HandleNonSuccessAndDebuggerNotification(Task task)
   at Microsoft.AspNet.Identity.TaskExtensions.CultureAwaiter`1.GetResult()
   at Microsoft.AspNet.Identity.UserManager`2.<FindAsync>d__80.MoveNext()
--- End of stack trace from previous location where exception was thrown ---
   at System.Runtime.ExceptionServices.ExceptionDispatchInfo.Throw()
   at System.Runtime.CompilerServices.TaskAwaiter.HandleNonSuccessAndDebuggerNotification(Task task)
   at System.Runtime.CompilerServices.TaskAwaiter`1.GetResult()
   at AngularJSAuthentication.API.Providers.SimpleAuthorizationServerProvider.<GrantResourceOwnerCredentials>d__4.MoveNext() in C:\BackEndSaral\AngularJSAuthentication.API\Providers\SimpleAuthorizationServerProvider.cs:line 54
2024-07-04 16:22:07.3056|ERROR|AngularJSAuthentication.API.Providers.SimpleAuthorizationServerProvider|Unable to validate user Admin111
2024-07-04 16:22:07.3056|ERROR|AngularJSAuthentication.API.Providers.SimpleAuthorizationServerProvider|System.InvalidOperationException: The model backing the 'AuthContext' context has changed since the database was created. Consider using Code First Migrations to update the database (http://go.microsoft.com/fwlink/?LinkId=238269).
   at System.Data.Entity.CreateDatabaseIfNotExists`1.InitializeDatabase(TContext context)
   at System.Data.Entity.Internal.InternalContext.PerformInitializationAction(Action action)
   at System.Data.Entity.Internal.InternalContext.PerformDatabaseInitialization()
   at System.Data.Entity.Internal.RetryAction`1.PerformAction(TInput input)
   at System.Data.Entity.Internal.LazyInternalContext.InitializeDatabaseAction(Action`1 action)
   at System.Data.Entity.Internal.InternalContext.GetEntitySetAndBaseTypeForType(Type entityType)
   at System.Data.Entity.Internal.Linq.InternalSet`1.Initialize()
   at System.Data.Entity.Internal.Linq.InternalSet`1.get_InternalContext()
   at System.Data.Entity.Infrastructure.DbQuery`1.System.Linq.IQueryable.get_Provider()
   at System.Data.Entity.QueryableExtensions.FirstOrDefaultAsync[TSource](IQueryable`1 source, Expression`1 predicate, CancellationToken cancellationToken)
   at System.Data.Entity.QueryableExtensions.FirstOrDefaultAsync[TSource](IQueryable`1 source, Expression`1 predicate)
   at Microsoft.AspNet.Identity.EntityFramework.UserStore`6.<GetUserAggregateAsync>d__67.MoveNext()
--- End of stack trace from previous location where exception was thrown ---
   at System.Runtime.ExceptionServices.ExceptionDispatchInfo.Throw()
   at System.Runtime.CompilerServices.TaskAwaiter.HandleNonSuccessAndDebuggerNotification(Task task)
   at Microsoft.AspNet.Identity.TaskExtensions.CultureAwaiter`1.GetResult()
   at Microsoft.AspNet.Identity.UserManager`2.<FindAsync>d__80.MoveNext()
--- End of stack trace from previous location where exception was thrown ---
   at System.Runtime.ExceptionServices.ExceptionDispatchInfo.Throw()
   at System.Runtime.CompilerServices.TaskAwaiter.HandleNonSuccessAndDebuggerNotification(Task task)
   at System.Runtime.CompilerServices.TaskAwaiter`1.GetResult()
   at AngularJSAuthentication.API.Providers.SimpleAuthorizationServerProvider.<GrantResourceOwnerCredentials>d__4.MoveNext() in C:\BackEndSaral\AngularJSAuthentication.API\Providers\SimpleAuthorizationServerProvider.cs:line 54
2024-07-04 16:22:40.7194|ERROR|AngularJSAuthentication.API.Providers.SimpleAuthorizationServerProvider|Unable to validate user Admin111
2024-07-04 16:22:40.7194|ERROR|AngularJSAuthentication.API.Providers.SimpleAuthorizationServerProvider|System.InvalidOperationException: The model backing the 'AuthContext' context has changed since the database was created. Consider using Code First Migrations to update the database (http://go.microsoft.com/fwlink/?LinkId=238269).
   at System.Data.Entity.CreateDatabaseIfNotExists`1.InitializeDatabase(TContext context)
   at System.Data.Entity.Internal.InternalContext.PerformInitializationAction(Action action)
   at System.Data.Entity.Internal.InternalContext.PerformDatabaseInitialization()
   at System.Data.Entity.Internal.RetryAction`1.PerformAction(TInput input)
   at System.Data.Entity.Internal.LazyInternalContext.InitializeDatabaseAction(Action`1 action)
   at System.Data.Entity.Internal.InternalContext.GetEntitySetAndBaseTypeForType(Type entityType)
   at System.Data.Entity.Internal.Linq.InternalSet`1.Initialize()
   at System.Data.Entity.Internal.Linq.InternalSet`1.get_InternalContext()
   at System.Data.Entity.Infrastructure.DbQuery`1.System.Linq.IQueryable.get_Provider()
   at System.Data.Entity.QueryableExtensions.FirstOrDefaultAsync[TSource](IQueryable`1 source, Expression`1 predicate, CancellationToken cancellationToken)
   at System.Data.Entity.QueryableExtensions.FirstOrDefaultAsync[TSource](IQueryable`1 source, Expression`1 predicate)
   at Microsoft.AspNet.Identity.EntityFramework.UserStore`6.<GetUserAggregateAsync>d__67.MoveNext()
--- End of stack trace from previous location where exception was thrown ---
   at System.Runtime.ExceptionServices.ExceptionDispatchInfo.Throw()
   at System.Runtime.CompilerServices.TaskAwaiter.HandleNonSuccessAndDebuggerNotification(Task task)
   at Microsoft.AspNet.Identity.TaskExtensions.CultureAwaiter`1.GetResult()
   at Microsoft.AspNet.Identity.UserManager`2.<FindAsync>d__80.MoveNext()
--- End of stack trace from previous location where exception was thrown ---
   at System.Runtime.ExceptionServices.ExceptionDispatchInfo.Throw()
   at System.Runtime.CompilerServices.TaskAwaiter.HandleNonSuccessAndDebuggerNotification(Task task)
   at System.Runtime.CompilerServices.TaskAwaiter`1.GetResult()
   at AngularJSAuthentication.API.Providers.SimpleAuthorizationServerProvider.<GrantResourceOwnerCredentials>d__4.MoveNext() in C:\BackEndSaral\AngularJSAuthentication.API\Providers\SimpleAuthorizationServerProvider.cs:line 54
2024-07-04 16:23:07.1241|ERROR|AngularJSAuthentication.API.Providers.SimpleAuthorizationServerProvider|Unable to validate user Admin111
2024-07-04 16:23:07.1241|ERROR|AngularJSAuthentication.API.Providers.SimpleAuthorizationServerProvider|System.InvalidOperationException: The model backing the 'AuthContext' context has changed since the database was created. Consider using Code First Migrations to update the database (http://go.microsoft.com/fwlink/?LinkId=238269).
   at System.Data.Entity.CreateDatabaseIfNotExists`1.InitializeDatabase(TContext context)
   at System.Data.Entity.Internal.InternalContext.PerformInitializationAction(Action action)
   at System.Data.Entity.Internal.InternalContext.PerformDatabaseInitialization()
   at System.Data.Entity.Internal.RetryAction`1.PerformAction(TInput input)
   at System.Data.Entity.Internal.LazyInternalContext.InitializeDatabaseAction(Action`1 action)
   at System.Data.Entity.Internal.InternalContext.GetEntitySetAndBaseTypeForType(Type entityType)
   at System.Data.Entity.Internal.Linq.InternalSet`1.Initialize()
   at System.Data.Entity.Internal.Linq.InternalSet`1.get_InternalContext()
   at System.Data.Entity.Infrastructure.DbQuery`1.System.Linq.IQueryable.get_Provider()
   at System.Data.Entity.QueryableExtensions.FirstOrDefaultAsync[TSource](IQueryable`1 source, Expression`1 predicate, CancellationToken cancellationToken)
   at System.Data.Entity.QueryableExtensions.FirstOrDefaultAsync[TSource](IQueryable`1 source, Expression`1 predicate)
   at Microsoft.AspNet.Identity.EntityFramework.UserStore`6.<GetUserAggregateAsync>d__67.MoveNext()
--- End of stack trace from previous location where exception was thrown ---
   at System.Runtime.ExceptionServices.ExceptionDispatchInfo.Throw()
   at System.Runtime.CompilerServices.TaskAwaiter.HandleNonSuccessAndDebuggerNotification(Task task)
   at Microsoft.AspNet.Identity.TaskExtensions.CultureAwaiter`1.GetResult()
   at Microsoft.AspNet.Identity.UserManager`2.<FindAsync>d__80.MoveNext()
--- End of stack trace from previous location where exception was thrown ---
   at System.Runtime.ExceptionServices.ExceptionDispatchInfo.Throw()
   at System.Runtime.CompilerServices.TaskAwaiter.HandleNonSuccessAndDebuggerNotification(Task task)
   at System.Runtime.CompilerServices.TaskAwaiter`1.GetResult()
   at AngularJSAuthentication.API.Providers.SimpleAuthorizationServerProvider.<GrantResourceOwnerCredentials>d__4.MoveNext() in C:\BackEndSaral\AngularJSAuthentication.API\Providers\SimpleAuthorizationServerProvider.cs:line 54
2024-07-04 16:23:46.4915|ERROR|AngularJSAuthentication.API.Providers.SimpleAuthorizationServerProvider|Unable to validate user Admin
2024-07-04 16:23:46.4915|ERROR|AngularJSAuthentication.API.Providers.SimpleAuthorizationServerProvider|System.InvalidOperationException: The model backing the 'AuthContext' context has changed since the database was created. Consider using Code First Migrations to update the database (http://go.microsoft.com/fwlink/?LinkId=238269).
   at System.Data.Entity.CreateDatabaseIfNotExists`1.InitializeDatabase(TContext context)
   at System.Data.Entity.Internal.InternalContext.PerformInitializationAction(Action action)
   at System.Data.Entity.Internal.InternalContext.PerformDatabaseInitialization()
   at System.Data.Entity.Internal.RetryAction`1.PerformAction(TInput input)
   at System.Data.Entity.Internal.LazyInternalContext.InitializeDatabaseAction(Action`1 action)
   at System.Data.Entity.Internal.InternalContext.GetEntitySetAndBaseTypeForType(Type entityType)
   at System.Data.Entity.Internal.Linq.InternalSet`1.Initialize()
   at System.Data.Entity.Internal.Linq.InternalSet`1.get_InternalContext()
   at System.Data.Entity.Infrastructure.DbQuery`1.System.Linq.IQueryable.get_Provider()
   at System.Data.Entity.QueryableExtensions.FirstOrDefaultAsync[TSource](IQueryable`1 source, Expression`1 predicate, CancellationToken cancellationToken)
   at System.Data.Entity.QueryableExtensions.FirstOrDefaultAsync[TSource](IQueryable`1 source, Expression`1 predicate)
   at Microsoft.AspNet.Identity.EntityFramework.UserStore`6.<GetUserAggregateAsync>d__67.MoveNext()
--- End of stack trace from previous location where exception was thrown ---
   at System.Runtime.ExceptionServices.ExceptionDispatchInfo.Throw()
   at System.Runtime.CompilerServices.TaskAwaiter.HandleNonSuccessAndDebuggerNotification(Task task)
   at Microsoft.AspNet.Identity.TaskExtensions.CultureAwaiter`1.GetResult()
   at Microsoft.AspNet.Identity.UserManager`2.<FindAsync>d__80.MoveNext()
--- End of stack trace from previous location where exception was thrown ---
   at System.Runtime.ExceptionServices.ExceptionDispatchInfo.Throw()
   at System.Runtime.CompilerServices.TaskAwaiter.HandleNonSuccessAndDebuggerNotification(Task task)
   at System.Runtime.CompilerServices.TaskAwaiter`1.GetResult()
   at AngularJSAuthentication.API.Providers.SimpleAuthorizationServerProvider.<GrantResourceOwnerCredentials>d__4.MoveNext() in C:\BackEndSaral\AngularJSAuthentication.API\Providers\SimpleAuthorizationServerProvider.cs:line 54
2024-07-04 16:24:31.6685|ERROR|AngularJSAuthentication.API.Providers.SimpleAuthorizationServerProvider|Unable to validate user Admin
2024-07-04 16:24:31.6685|ERROR|AngularJSAuthentication.API.Providers.SimpleAuthorizationServerProvider|System.InvalidOperationException: The model backing the 'AuthContext' context has changed since the database was created. Consider using Code First Migrations to update the database (http://go.microsoft.com/fwlink/?LinkId=238269).
   at System.Data.Entity.CreateDatabaseIfNotExists`1.InitializeDatabase(TContext context)
   at System.Data.Entity.Internal.InternalContext.PerformInitializationAction(Action action)
   at System.Data.Entity.Internal.InternalContext.PerformDatabaseInitialization()
   at System.Data.Entity.Internal.RetryAction`1.PerformAction(TInput input)
   at System.Data.Entity.Internal.LazyInternalContext.InitializeDatabaseAction(Action`1 action)
   at System.Data.Entity.Internal.InternalContext.GetEntitySetAndBaseTypeForType(Type entityType)
   at System.Data.Entity.Internal.Linq.InternalSet`1.Initialize()
   at System.Data.Entity.Internal.Linq.InternalSet`1.get_InternalContext()
   at System.Data.Entity.Infrastructure.DbQuery`1.System.Linq.IQueryable.get_Provider()
   at System.Data.Entity.QueryableExtensions.FirstOrDefaultAsync[TSource](IQueryable`1 source, Expression`1 predicate, CancellationToken cancellationToken)
   at System.Data.Entity.QueryableExtensions.FirstOrDefaultAsync[TSource](IQueryable`1 source, Expression`1 predicate)
   at Microsoft.AspNet.Identity.EntityFramework.UserStore`6.<GetUserAggregateAsync>d__67.MoveNext()
--- End of stack trace from previous location where exception was thrown ---
   at System.Runtime.ExceptionServices.ExceptionDispatchInfo.Throw()
   at System.Runtime.CompilerServices.TaskAwaiter.HandleNonSuccessAndDebuggerNotification(Task task)
   at Microsoft.AspNet.Identity.TaskExtensions.CultureAwaiter`1.GetResult()
   at Microsoft.AspNet.Identity.UserManager`2.<FindAsync>d__80.MoveNext()
--- End of stack trace from previous location where exception was thrown ---
   at System.Runtime.ExceptionServices.ExceptionDispatchInfo.Throw()
   at System.Runtime.CompilerServices.TaskAwaiter.HandleNonSuccessAndDebuggerNotification(Task task)
   at System.Runtime.CompilerServices.TaskAwaiter`1.GetResult()
   at AngularJSAuthentication.API.Providers.SimpleAuthorizationServerProvider.<GrantResourceOwnerCredentials>d__4.MoveNext() in C:\BackEndSaral\AngularJSAuthentication.API\Providers\SimpleAuthorizationServerProvider.cs:line 54
2024-07-04 16:24:58.6189|ERROR|AngularJSAuthentication.API.Providers.SimpleAuthorizationServerProvider|Unable to validate user Admin
2024-07-04 16:24:58.6189|ERROR|AngularJSAuthentication.API.Providers.SimpleAuthorizationServerProvider|System.InvalidOperationException: The model backing the 'AuthContext' context has changed since the database was created. Consider using Code First Migrations to update the database (http://go.microsoft.com/fwlink/?LinkId=238269).
   at System.Data.Entity.CreateDatabaseIfNotExists`1.InitializeDatabase(TContext context)
   at System.Data.Entity.Internal.InternalContext.PerformInitializationAction(Action action)
   at System.Data.Entity.Internal.InternalContext.PerformDatabaseInitialization()
   at System.Data.Entity.Internal.RetryAction`1.PerformAction(TInput input)
   at System.Data.Entity.Internal.LazyInternalContext.InitializeDatabaseAction(Action`1 action)
   at System.Data.Entity.Internal.InternalContext.GetEntitySetAndBaseTypeForType(Type entityType)
   at System.Data.Entity.Internal.Linq.InternalSet`1.Initialize()
   at System.Data.Entity.Internal.Linq.InternalSet`1.get_InternalContext()
   at System.Data.Entity.Infrastructure.DbQuery`1.System.Linq.IQueryable.get_Provider()
   at System.Data.Entity.QueryableExtensions.FirstOrDefaultAsync[TSource](IQueryable`1 source, Expression`1 predicate, CancellationToken cancellationToken)
   at System.Data.Entity.QueryableExtensions.FirstOrDefaultAsync[TSource](IQueryable`1 source, Expression`1 predicate)
   at Microsoft.AspNet.Identity.EntityFramework.UserStore`6.<GetUserAggregateAsync>d__67.MoveNext()
--- End of stack trace from previous location where exception was thrown ---
   at System.Runtime.ExceptionServices.ExceptionDispatchInfo.Throw()
   at System.Runtime.CompilerServices.TaskAwaiter.HandleNonSuccessAndDebuggerNotification(Task task)
   at Microsoft.AspNet.Identity.TaskExtensions.CultureAwaiter`1.GetResult()
   at Microsoft.AspNet.Identity.UserManager`2.<FindAsync>d__80.MoveNext()
--- End of stack trace from previous location where exception was thrown ---
   at System.Runtime.ExceptionServices.ExceptionDispatchInfo.Throw()
   at System.Runtime.CompilerServices.TaskAwaiter.HandleNonSuccessAndDebuggerNotification(Task task)
   at System.Runtime.CompilerServices.TaskAwaiter`1.GetResult()
   at AngularJSAuthentication.API.Providers.SimpleAuthorizationServerProvider.<GrantResourceOwnerCredentials>d__4.MoveNext() in C:\BackEndSaral\AngularJSAuthentication.API\Providers\SimpleAuthorizationServerProvider.cs:line 54
2024-07-04 17:19:15.1142|INFO|AngularJSAuthentication.API.Controllers.ProfilesController|Get Company: 
2024-07-04 17:19:21.8086|INFO|AngularJSAuthentication.API.Controllers.ProfilesController|Get Company: 
2024-07-04 18:30:22.0496|INFO|AngularJSAuthentication.API.Controllers.ProfilesController|Get Company: 
2024-07-04 18:30:53.9007|INFO|AngularJSAuthentication.API.Controllers.ProfilesController|Get Company: 
2024-07-04 18:32:27.0963|INFO|AngularJSAuthentication.API.Controllers.ProfilesController|Get Company: 
2024-07-04 18:37:28.3799|INFO|AngularJSAuthentication.API.Controllers.ProfilesController|Get Company: 
2024-07-04 18:40:29.7275|INFO|AngularJSAuthentication.API.Controllers.ProfilesController|Get Company: 
2024-07-04 18:40:56.2187|INFO|AngularJSAuthentication.API.Controllers.ProfilesController|Get Company: 
2024-07-04 18:50:00.9392|INFO|AngularJSAuthentication.API.Controllers.ProfilesController|Get Company: 
2024-07-04 19:48:43.0530|INFO|AngularJSAuthentication.API.Controllers.ProfilesController|Get Company: 
2024-07-04 20:02:12.0026|INFO|AngularJSAuthentication.API.Controllers.ProfilesController|Get Company: 
2024-07-04 20:11:40.9938|INFO|AngularJSAuthentication.API.Controllers.ProfilesController|Get Company: 
2024-07-04 20:12:54.8901|INFO|AngularJSAuthentication.API.Controllers.ProfilesController|Get Company: 
2024-07-04 20:17:37.2102|INFO|AngularJSAuthentication.API.Controllers.ProfilesController|Get Company: 
2024-07-04 20:19:03.3259|INFO|AngularJSAuthentication.API.Controllers.ProfilesController|Get Company: 
2024-07-04 20:20:08.6977|INFO|AngularJSAuthentication.API.Controllers.ProfilesController|Get Company: 
