2024-06-26 10:50:14.6202|INFO|AngularJSAuthentication.API.Controllers.ProfilesController|Get Company: 
2024-06-26 11:28:38.6278|INFO|AngularJSAuthentication.API.Controllers.ProfilesController|Get Company: 
2024-06-26 11:31:51.8957|INFO|AngularJSAuthentication.API.Controllers.ProfilesController|Get Company: 
2024-06-26 11:32:07.3315|INFO|AngularJSAuthentication.API.Controllers.ProfilesController|Get Company: 
2024-06-26 11:52:20.1278|INFO|AngularJSAuthentication.API.Controllers.ProfilesController|Get Company: 
2024-06-26 12:00:34.1385|INFO|AngularJSAuthentication.API.Controllers.ProfilesController|Get Company: 
2024-06-26 12:27:47.8221|INFO|AngularJSAuthentication.API.Controllers.ProfilesController|Get Company: 
2024-06-26 12:30:23.4888|INFO|AngularJSAuthentication.API.Controllers.ProfilesController|Get Company: 
2024-06-26 12:30:29.0136|INFO|AngularJSAuthentication.API.Controllers.ProfilesController|Get Company: 
2024-06-26 12:45:58.7023|INFO|AngularJSAuthentication.API.Controllers.ProfilesController|Get Company: 
2024-06-26 12:47:05.4766|INFO|AngularJSAuthentication.API.Controllers.ProfilesController|Get Company: 
2024-06-26 12:50:02.2341|INFO|AngularJSAuthentication.API.Controllers.ProfilesController|Get Company: 
2024-06-26 12:52:32.9472|INFO|AngularJSAuthentication.API.Controllers.ProfilesController|Get Company: 
2024-06-26 13:02:23.3992|INFO|AngularJSAuthentication.API.Controllers.ProfilesController|Get Company: 
2024-06-26 13:05:42.6264|INFO|AngularJSAuthentication.API.Controllers.ProfilesController|Get Company: 
2024-06-26 13:05:57.7195|INFO|AngularJSAuthentication.API.Controllers.ProfilesController|Get Company: 
2024-06-26 13:07:30.0153|INFO|AngularJSAuthentication.API.Controllers.ProfilesController|Get Company: 
2024-06-26 14:50:07.3801|INFO|AngularJSAuthentication.API.Controllers.ProfilesController|Get Company: 
2024-06-26 14:50:52.9181|INFO|AngularJSAuthentication.API.Controllers.ProfilesController|Get Company: 
2024-06-26 15:04:02.1487|INFO|AngularJSAuthentication.API.Controllers.ProfilesController|Get Company: 
2024-06-26 16:09:23.4260|INFO|AngularJSAuthentication.API.Controllers.ProfilesController|Get Company: 
2024-06-26 16:27:23.3911|INFO|AngularJSAuthentication.API.Controllers.ProfilesController|Get Company: 
2024-06-26 16:27:38.8830|INFO|AngularJSAuthentication.API.Controllers.ProfilesController|Get Company: 
2024-06-26 17:29:41.4193|INFO|AngularJSAuthentication.API.Controllers.ProfilesController|Get Company: 
2024-06-26 17:35:45.7421|INFO|AngularJSAuthentication.API.Controllers.ProfilesController|Get Company: 
2024-06-26 17:38:25.5184|INFO|AngularJSAuthentication.API.Controllers.ProfilesController|Get Company: 
2024-06-26 17:40:19.7686|INFO|AngularJSAuthentication.API.Controllers.ProfilesController|Get Company: 
2024-06-26 17:47:36.7687|INFO|AngularJSAuthentication.API.Controllers.ProfilesController|Get Company: 
2024-06-26 17:48:25.0526|INFO|AngularJSAuthentication.API.Controllers.ProfilesController|Get Company: 
2024-06-26 17:49:24.1729|INFO|AngularJSAuthentication.API.Controllers.ProfilesController|Get Company: 
2024-06-26 17:51:28.5213|INFO|AngularJSAuthentication.API.Controllers.CityController|start City: 
2024-06-26 17:51:29.1231|INFO|AngularJSAuthentication.API.Controllers.CityController|start City: 
2024-06-26 17:51:29.7877|INFO|AngularJSAuthentication.API.Controllers.CityController|start City: 
2024-06-26 17:51:32.1349|INFO|AngularJSAuthentication.API.Controllers.PurchaseOrderMasterController|start ItemMaster: 
2024-06-26 17:51:32.1349|INFO|AngularJSAuthentication.API.Controllers.PurchaseOrderMasterController|User ID : 1 , Company Id : 4
2024-06-26 17:51:32.1879|INFO|AngularJSAuthentication.API.Controllers.OnHoldGRController|start OnHoldGR: 
2024-06-26 17:51:32.2009|INFO|AngularJSAuthentication.API.Controllers.OnHoldGRController|User ID : 1 , Company Id : 4
2024-06-26 17:51:32.7279|INFO|AngularJSAuthentication.API.Controllers.ReturnItemController|End  Return: 
2024-06-26 17:51:35.1432|ERROR|AngularJSAuthentication.API.Controllers.Reporting.PurchaseReportingController|Error in GetPurchasePendingReportData Method: An error occurred while reading from the store provider's data reader. See the inner exception for details.
2024-06-26 17:53:10.2182|INFO|AngularJSAuthentication.API.Controllers.ProfilesController|Get Company: 
2024-06-26 18:01:41.2073|INFO|AngularJSAuthentication.API.Controllers.ProfilesController|Get Company: 
2024-06-26 18:17:58.6737|INFO|AngularJSAuthentication.API.Controllers.ProfilesController|Get Company: 
2024-06-26 18:19:08.7058|INFO|AngularJSAuthentication.API.Controllers.ProfilesController|Get Company: 
2024-06-26 18:22:25.5913|INFO|AngularJSAuthentication.API.Controllers.ProfilesController|Get Company: 
2024-06-26 18:26:32.1882|INFO|AngularJSAuthentication.API.Controllers.ProfilesController|Get Company: 
2024-06-26 18:27:12.4738|INFO|AngularJSAuthentication.API.Controllers.ProfilesController|Get Company: 
2024-06-26 18:28:10.8958|INFO|AngularJSAuthentication.API.Controllers.ProfilesController|Get Company: 
2024-06-26 18:34:05.7578|INFO|AngularJSAuthentication.API.Controllers.ProfilesController|Get Company: 
2024-06-26 18:34:59.1661|INFO|AngularJSAuthentication.API.Controllers.ProfilesController|Get Company: 
2024-06-26 18:43:32.2901|INFO|AngularJSAuthentication.API.Controllers.ProfilesController|Get Company: 
2024-06-26 18:43:48.8106|INFO|AngularJSAuthentication.API.Controllers.ProfilesController|Get Company: 
2024-06-26 18:49:48.5726|INFO|AngularJSAuthentication.API.Controllers.ProfilesController|Get Company: 
2024-06-26 18:50:33.7321|INFO|AngularJSAuthentication.API.Controllers.ProfilesController|Get Company: 
2024-06-26 18:50:38.4684|INFO|AngularJSAuthentication.API.Controllers.ProfilesController|Get Company: 
2024-06-26 18:52:29.6383|INFO|AngularJSAuthentication.API.Controllers.ProfilesController|Get Company: 
2024-06-26 18:59:22.7588|INFO|AngularJSAuthentication.API.Controllers.ProfilesController|Get Company: 
2024-06-26 19:12:15.0838|INFO|AngularJSAuthentication.API.Controllers.ProfilesController|Get Company: 
2024-06-26 19:12:19.0709|INFO|AngularJSAuthentication.API.Controllers.ProfilesController|Get Company: 
2024-06-26 19:21:36.3816|INFO|AngularJSAuthentication.API.Controllers.ProfilesController|Get Company: 
2024-06-26 19:25:38.1606|INFO|AngularJSAuthentication.API.Controllers.ProfilesController|Get Company: 
2024-06-26 19:25:46.4693|INFO|AngularJSAuthentication.API.Controllers.ProfilesController|Get Company: 
2024-06-26 19:25:51.8321|INFO|AngularJSAuthentication.API.Controllers.ProfilesController|Get Company: 
2024-06-26 19:27:08.3587|INFO|AngularJSAuthentication.API.Controllers.ProfilesController|Get Company: 
2024-06-26 19:33:00.1849|INFO|AngularJSAuthentication.API.Controllers.ProfilesController|Get Company: 
2024-06-26 19:33:35.9106|INFO|AngularJSAuthentication.API.Controllers.ProfilesController|Get Company: 
2024-06-26 19:34:06.1978|INFO|AngularJSAuthentication.API.Controllers.ProfilesController|Get Company: 
2024-06-26 19:34:36.4905|INFO|AngularJSAuthentication.API.Controllers.ProfilesController|Get Company: 
2024-06-26 19:34:50.8729|INFO|AngularJSAuthentication.API.Controllers.ProfilesController|Get Company: 
2024-06-26 19:35:13.3625|INFO|AngularJSAuthentication.API.Controllers.ProfilesController|Get Company: 
